Virtual User Script started at: 13-12-2021 16:25:46	[MsgId: MMSG-15967]
Starting action vuser_init.	[MsgId: MMSG-15919]
Virtual user assigned IP is 192.168.85.1	[MsgId: MMSG-56958]
Virtual user assigned IP6 is [fe80::552b:b43f:93c9:6c92%8]	[MsgId: MMSG-56957]
Virtual user uses maximum network bandwidth	[MsgId: MMSG-56956]
Web Turbo Replay of LoadRunner 2021.0.0 for Windows 10; build 430 (Jan 05 2021 19:27:22)  	[MsgId: MMSG-26983]
Run mode: HTML  	[MsgId: MMSG-26993]
Replay user agent: Mozilla/5.0 (Windows NT 10.0; WOW64; Trident/7.0; rv:11.0) like Gecko  	[MsgId: MMSG-26988]
Runtime Settings file: "C:\Users\srkko\AppData\Local\Temp\lr5tmpdirBNl.574\lrcfgZLM.575\cfgc2f.578"  	[MsgId: MMSG-27141]
Ending action vuser_init.	[MsgId: MMSG-15918]
Running Vuser...	[MsgId: MMSG-15964]
Virtual User Script started at: 13-12-2021 16:25:46	[MsgId: MMSG-15967]
Starting action vuser_init.	[MsgId: MMSG-15919]
Virtual user assigned IP is 192.168.85.1	[MsgId: MMSG-56958]
Virtual user assigned IP6 is [fe80::552b:b43f:93c9:6c92%8]	[MsgId: MMSG-56957]
Virtual user uses maximum network bandwidth	[MsgId: MMSG-56956]
Web Turbo Replay of LoadRunner 2021.0.0 for Windows 10; build 430 (Jan 05 2021 19:27:22)  	[MsgId: MMSG-26983]
Run mode: HTML  	[MsgId: MMSG-26993]
Replay user agent: Mozilla/5.0 (Windows NT 10.0; WOW64; Trident/7.0; rv:11.0) like Gecko  	[MsgId: MMSG-26988]
Runtime Settings file: "C:\Users\srkko\AppData\Local\Temp\lr5tmpdirBNl.574\lrcfgZLM.575\cfgc2f.578"  	[MsgId: MMSG-27141]
Ending action vuser_init.	[MsgId: MMSG-15918]
Running Vuser...	[MsgId: MMSG-15964]
Virtual User Script started at: 13-12-2021 16:25:46	[MsgId: MMSG-15967]
Starting action vuser_init.	[MsgId: MMSG-15919]
Virtual user assigned IP is 192.168.43.121	[MsgId: MMSG-56958]
Virtual user assigned IP6 is [fe80::448b:5273:2c47:a821%2]	[MsgId: MMSG-56957]
Virtual user uses maximum network bandwidth	[MsgId: MMSG-56956]
Web Turbo Replay of LoadRunner 2021.0.0 for Windows 10; build 430 (Jan 05 2021 19:27:22)  	[MsgId: MMSG-26983]
Run mode: HTML  	[MsgId: MMSG-26993]
Replay user agent: Mozilla/5.0 (Windows NT 10.0; WOW64; Trident/7.0; rv:11.0) like Gecko  	[MsgId: MMSG-26988]
Runtime Settings file: "C:\Users\srkko\AppData\Local\Temp\lr5tmpdirBNl.574\lrcfgZLM.575\cfgc2f.578"  	[MsgId: MMSG-27141]
Ending action vuser_init.	[MsgId: MMSG-15918]
Running Vuser...	[MsgId: MMSG-15964]
Virtual User Script started at: 13-12-2021 16:25:46	[MsgId: MMSG-15967]
Starting action vuser_init.	[MsgId: MMSG-15919]
Virtual user assigned IP is 192.168.43.121	[MsgId: MMSG-56958]
Virtual user assigned IP6 is [fe80::448b:5273:2c47:a821%2]	[MsgId: MMSG-56957]
Virtual user uses maximum network bandwidth	[MsgId: MMSG-56956]
Web Turbo Replay of LoadRunner 2021.0.0 for Windows 10; build 430 (Jan 05 2021 19:27:22)  	[MsgId: MMSG-26983]
Run mode: HTML  	[MsgId: MMSG-26993]
Replay user agent: Mozilla/5.0 (Windows NT 10.0; WOW64; Trident/7.0; rv:11.0) like Gecko  	[MsgId: MMSG-26988]
Runtime Settings file: "C:\Users\srkko\AppData\Local\Temp\lr5tmpdirBNl.574\lrcfgZLM.575\cfgc2f.578"  	[MsgId: MMSG-27141]
Ending action vuser_init.	[MsgId: MMSG-15918]
Running Vuser...	[MsgId: MMSG-15964]
Virtual User Script started at: 13-12-2021 16:25:46	[MsgId: MMSG-15967]
Starting action vuser_init.	[MsgId: MMSG-15919]
Virtual user assigned IP is 192.168.85.1	[MsgId: MMSG-56958]
Virtual user assigned IP6 is [fe80::552b:b43f:93c9:6c92%8]	[MsgId: MMSG-56957]
Virtual user uses maximum network bandwidth	[MsgId: MMSG-56956]
Web Turbo Replay of LoadRunner 2021.0.0 for Windows 10; build 430 (Jan 05 2021 19:27:22)  	[MsgId: MMSG-26983]
Run mode: HTML  	[MsgId: MMSG-26993]
Replay user agent: Mozilla/5.0 (Windows NT 10.0; WOW64; Trident/7.0; rv:11.0) like Gecko  	[MsgId: MMSG-26988]
Runtime Settings file: "C:\Users\srkko\AppData\Local\Temp\lr5tmpdirBNl.574\lrcfgZLM.575\cfgc2f.578"  	[MsgId: MMSG-27141]
Ending action vuser_init.	[MsgId: MMSG-15918]
Running Vuser...	[MsgId: MMSG-15964]
Virtual User Script started at: 13-12-2021 16:25:46	[MsgId: MMSG-15967]
Starting action vuser_init.	[MsgId: MMSG-15919]
Virtual user assigned IP is 192.168.195.1	[MsgId: MMSG-56958]
Virtual user assigned IP6 is [fe80::78a6:d59f:3aca:e30%12]	[MsgId: MMSG-56957]
Virtual user uses maximum network bandwidth	[MsgId: MMSG-56956]
Web Turbo Replay of LoadRunner 2021.0.0 for Windows 10; build 430 (Jan 05 2021 19:27:22)  	[MsgId: MMSG-26983]
Run mode: HTML  	[MsgId: MMSG-26993]
Replay user agent: Mozilla/5.0 (Windows NT 10.0; WOW64; Trident/7.0; rv:11.0) like Gecko  	[MsgId: MMSG-26988]
Runtime Settings file: "C:\Users\srkko\AppData\Local\Temp\lr5tmpdirBNl.574\lrcfgZLM.575\cfgc2f.578"  	[MsgId: MMSG-27141]
Ending action vuser_init.	[MsgId: MMSG-15918]
Running Vuser...	[MsgId: MMSG-15964]
Virtual User Script started at: 13-12-2021 16:25:46	[MsgId: MMSG-15967]
Starting action vuser_init.	[MsgId: MMSG-15919]
Virtual user assigned IP is 192.168.85.1	[MsgId: MMSG-56958]
Virtual user assigned IP6 is [fe80::552b:b43f:93c9:6c92%8]	[MsgId: MMSG-56957]
Virtual user uses maximum network bandwidth	[MsgId: MMSG-56956]
Web Turbo Replay of LoadRunner 2021.0.0 for Windows 10; build 430 (Jan 05 2021 19:27:22)  	[MsgId: MMSG-26983]
Run mode: HTML  	[MsgId: MMSG-26993]
Replay user agent: Mozilla/5.0 (Windows NT 10.0; WOW64; Trident/7.0; rv:11.0) like Gecko  	[MsgId: MMSG-26988]
Runtime Settings file: "C:\Users\srkko\AppData\Local\Temp\lr5tmpdirBNl.574\lrcfgZLM.575\cfgc2f.578"  	[MsgId: MMSG-27141]
Ending action vuser_init.	[MsgId: MMSG-15918]
Running Vuser...	[MsgId: MMSG-15964]
Virtual User Script started at: 13-12-2021 16:25:46	[MsgId: MMSG-15967]
Starting action vuser_init.	[MsgId: MMSG-15919]
Virtual user assigned IP is 192.168.43.121	[MsgId: MMSG-56958]
Virtual user assigned IP6 is [fe80::448b:5273:2c47:a821%2]	[MsgId: MMSG-56957]
Virtual user uses maximum network bandwidth	[MsgId: MMSG-56956]
Web Turbo Replay of LoadRunner 2021.0.0 for Windows 10; build 430 (Jan 05 2021 19:27:22)  	[MsgId: MMSG-26983]
Run mode: HTML  	[MsgId: MMSG-26993]
Replay user agent: Mozilla/5.0 (Windows NT 10.0; WOW64; Trident/7.0; rv:11.0) like Gecko  	[MsgId: MMSG-26988]
Runtime Settings file: "C:\Users\srkko\AppData\Local\Temp\lr5tmpdirBNl.574\lrcfgZLM.575\cfgc2f.578"  	[MsgId: MMSG-27141]
Ending action vuser_init.	[MsgId: MMSG-15918]
Running Vuser...	[MsgId: MMSG-15964]
Virtual User Script started at: 13-12-2021 16:25:46	[MsgId: MMSG-15967]
Starting action vuser_init.	[MsgId: MMSG-15919]
Virtual user assigned IP is 192.168.195.1	[MsgId: MMSG-56958]
Virtual user assigned IP6 is [fe80::78a6:d59f:3aca:e30%12]	[MsgId: MMSG-56957]
Virtual user uses maximum network bandwidth	[MsgId: MMSG-56956]
Web Turbo Replay of LoadRunner 2021.0.0 for Windows 10; build 430 (Jan 05 2021 19:27:22)  	[MsgId: MMSG-26983]
Run mode: HTML  	[MsgId: MMSG-26993]
Replay user agent: Mozilla/5.0 (Windows NT 10.0; WOW64; Trident/7.0; rv:11.0) like Gecko  	[MsgId: MMSG-26988]
Runtime Settings file: "C:\Users\srkko\AppData\Local\Temp\lr5tmpdirBNl.574\lrcfgZLM.575\cfgc2f.578"  	[MsgId: MMSG-27141]
Virtual User Script started at: 13-12-2021 16:25:46	[MsgId: MMSG-15967]
Starting action vuser_init.	[MsgId: MMSG-15919]
Virtual user assigned IP is 192.168.195.1	[MsgId: MMSG-56958]
Virtual user assigned IP6 is [fe80::78a6:d59f:3aca:e30%12]	[MsgId: MMSG-56957]
Virtual user uses maximum network bandwidth	[MsgId: MMSG-56956]
Web Turbo Replay of LoadRunner 2021.0.0 for Windows 10; build 430 (Jan 05 2021 19:27:22)  	[MsgId: MMSG-26983]
Run mode: HTML  	[MsgId: MMSG-26993]
Replay user agent: Mozilla/5.0 (Windows NT 10.0; WOW64; Trident/7.0; rv:11.0) like Gecko  	[MsgId: MMSG-26988]
Ending action vuser_init.	[MsgId: MMSG-15918]
Running Vuser...	[MsgId: MMSG-15964]
Runtime Settings file: "C:\Users\srkko\AppData\Local\Temp\lr5tmpdirBNl.574\lrcfgZLM.575\cfgc2f.578"  	[MsgId: MMSG-27141]
Ending action vuser_init.	[MsgId: MMSG-15918]
Running Vuser...	[MsgId: MMSG-15964]
Virtual User Script started at: 13-12-2021 16:25:46	[MsgId: MMSG-15967]
Starting action vuser_init.	[MsgId: MMSG-15919]
Virtual user assigned IP is 192.168.85.1	[MsgId: MMSG-56958]
Virtual user assigned IP6 is [fe80::552b:b43f:93c9:6c92%8]	[MsgId: MMSG-56957]
Virtual user uses maximum network bandwidth	[MsgId: MMSG-56956]
Web Turbo Replay of LoadRunner 2021.0.0 for Windows 10; build 430 (Jan 05 2021 19:27:22)  	[MsgId: MMSG-26983]
Run mode: HTML  	[MsgId: MMSG-26993]
Replay user agent: Mozilla/5.0 (Windows NT 10.0; WOW64; Trident/7.0; rv:11.0) like Gecko  	[MsgId: MMSG-26988]
Runtime Settings file: "C:\Users\srkko\AppData\Local\Temp\lr5tmpdirBNl.574\lrcfgZLM.575\cfgc2f.578"  	[MsgId: MMSG-27141]
Ending action vuser_init.	[MsgId: MMSG-15918]
Running Vuser...	[MsgId: MMSG-15964]
Virtual User Script started at: 13-12-2021 16:25:46	[MsgId: MMSG-15967]
Starting action vuser_init.	[MsgId: MMSG-15919]
Virtual user assigned IP is 192.168.43.121	[MsgId: MMSG-56958]
Virtual user assigned IP6 is [fe80::448b:5273:2c47:a821%2]	[MsgId: MMSG-56957]
Virtual user uses maximum network bandwidth	[MsgId: MMSG-56956]
Web Turbo Replay of LoadRunner 2021.0.0 for Windows 10; build 430 (Jan 05 2021 19:27:22)  	[MsgId: MMSG-26983]
Run mode: HTML  	[MsgId: MMSG-26993]
Replay user agent: Mozilla/5.0 (Windows NT 10.0; WOW64; Trident/7.0; rv:11.0) like Gecko  	[MsgId: MMSG-26988]
Virtual User Script started at: 13-12-2021 16:25:46	[MsgId: MMSG-15967]
Runtime Settings file: "C:\Users\srkko\AppData\Local\Temp\lr5tmpdirBNl.574\lrcfgZLM.575\cfgc2f.578"  	[MsgId: MMSG-27141]
Starting action vuser_init.	[MsgId: MMSG-15919]
Virtual user assigned IP is 192.168.43.121	[MsgId: MMSG-56958]
Virtual user assigned IP6 is [fe80::448b:5273:2c47:a821%2]	[MsgId: MMSG-56957]
Virtual user uses maximum network bandwidth	[MsgId: MMSG-56956]
Web Turbo Replay of LoadRunner 2021.0.0 for Windows 10; build 430 (Jan 05 2021 19:27:22)  	[MsgId: MMSG-26983]
Run mode: HTML  	[MsgId: MMSG-26993]
Replay user agent: Mozilla/5.0 (Windows NT 10.0; WOW64; Trident/7.0; rv:11.0) like Gecko  	[MsgId: MMSG-26988]
Ending action vuser_init.	[MsgId: MMSG-15918]
Running Vuser...	[MsgId: MMSG-15964]
Virtual User Script started at: 13-12-2021 16:25:46	[MsgId: MMSG-15967]
Starting action vuser_init.	[MsgId: MMSG-15919]
Virtual user assigned IP is 192.168.195.1	[MsgId: MMSG-56958]
Virtual user assigned IP6 is [fe80::78a6:d59f:3aca:e30%12]	[MsgId: MMSG-56957]
Virtual user uses maximum network bandwidth	[MsgId: MMSG-56956]
Web Turbo Replay of LoadRunner 2021.0.0 for Windows 10; build 430 (Jan 05 2021 19:27:22)  	[MsgId: MMSG-26983]
Run mode: HTML  	[MsgId: MMSG-26993]
Replay user agent: Mozilla/5.0 (Windows NT 10.0; WOW64; Trident/7.0; rv:11.0) like Gecko  	[MsgId: MMSG-26988]
Runtime Settings file: "C:\Users\srkko\AppData\Local\Temp\lr5tmpdirBNl.574\lrcfgZLM.575\cfgc2f.578"  	[MsgId: MMSG-27141]
Runtime Settings file: "C:\Users\srkko\AppData\Local\Temp\lr5tmpdirBNl.574\lrcfgZLM.575\cfgc2f.578"  	[MsgId: MMSG-27141]
Ending action vuser_init.	[MsgId: MMSG-15918]
Running Vuser...	[MsgId: MMSG-15964]
Virtual User Script started at: 13-12-2021 16:25:46	[MsgId: MMSG-15967]
Starting action vuser_init.	[MsgId: MMSG-15919]
Virtual user assigned IP is 192.168.43.121	[MsgId: MMSG-56958]
Virtual user assigned IP6 is [fe80::448b:5273:2c47:a821%2]	[MsgId: MMSG-56957]
Virtual user uses maximum network bandwidth	[MsgId: MMSG-56956]
Web Turbo Replay of LoadRunner 2021.0.0 for Windows 10; build 430 (Jan 05 2021 19:27:22)  	[MsgId: MMSG-26983]
Run mode: HTML  	[MsgId: MMSG-26993]
Replay user agent: Mozilla/5.0 (Windows NT 10.0; WOW64; Trident/7.0; rv:11.0) like Gecko  	[MsgId: MMSG-26988]
Ending action vuser_init.	[MsgId: MMSG-15918]
Running Vuser...	[MsgId: MMSG-15964]
Runtime Settings file: "C:\Users\srkko\AppData\Local\Temp\lr5tmpdirBNl.574\lrcfgZLM.575\cfgc2f.578"  	[MsgId: MMSG-27141]
Ending action vuser_init.	[MsgId: MMSG-15918]
Running Vuser...	[MsgId: MMSG-15964]
Virtual User Script started at: 13-12-2021 16:25:46	[MsgId: MMSG-15967]
Starting action vuser_init.	[MsgId: MMSG-15919]
Virtual user assigned IP is 192.168.195.1	[MsgId: MMSG-56958]
Virtual user assigned IP6 is [fe80::78a6:d59f:3aca:e30%12]	[MsgId: MMSG-56957]
Virtual user uses maximum network bandwidth	[MsgId: MMSG-56956]
Web Turbo Replay of LoadRunner 2021.0.0 for Windows 10; build 430 (Jan 05 2021 19:27:22)  	[MsgId: MMSG-26983]
Run mode: HTML  	[MsgId: MMSG-26993]
Replay user agent: Mozilla/5.0 (Windows NT 10.0; WOW64; Trident/7.0; rv:11.0) like Gecko  	[MsgId: MMSG-26988]
Runtime Settings file: "C:\Users\srkko\AppData\Local\Temp\lr5tmpdirBNl.574\lrcfgZLM.575\cfgc2f.578"  	[MsgId: MMSG-27141]
Ending action vuser_init.	[MsgId: MMSG-15918]
Running Vuser...	[MsgId: MMSG-15964]
Virtual User Script started at: 13-12-2021 16:25:46	[MsgId: MMSG-15967]
Starting action vuser_init.	[MsgId: MMSG-15919]
Virtual user assigned IP is 192.168.85.1	[MsgId: MMSG-56958]
Virtual user assigned IP6 is [fe80::552b:b43f:93c9:6c92%8]	[MsgId: MMSG-56957]
Virtual user uses maximum network bandwidth	[MsgId: MMSG-56956]
Web Turbo Replay of LoadRunner 2021.0.0 for Windows 10; build 430 (Jan 05 2021 19:27:22)  	[MsgId: MMSG-26983]
Run mode: HTML  	[MsgId: MMSG-26993]
Replay user agent: Mozilla/5.0 (Windows NT 10.0; WOW64; Trident/7.0; rv:11.0) like Gecko  	[MsgId: MMSG-26988]
Runtime Settings file: "C:\Users\srkko\AppData\Local\Temp\lr5tmpdirBNl.574\lrcfgZLM.575\cfgc2f.578"  	[MsgId: MMSG-27141]
Ending action vuser_init.	[MsgId: MMSG-15918]
Running Vuser...	[MsgId: MMSG-15964]
Virtual User Script started at: 13-12-2021 16:25:46	[MsgId: MMSG-15967]
Starting action vuser_init.	[MsgId: MMSG-15919]
Virtual user assigned IP is 192.168.195.1	[MsgId: MMSG-56958]
Virtual user assigned IP6 is [fe80::78a6:d59f:3aca:e30%12]	[MsgId: MMSG-56957]
Virtual user uses maximum network bandwidth	[MsgId: MMSG-56956]
Web Turbo Replay of LoadRunner 2021.0.0 for Windows 10; build 430 (Jan 05 2021 19:27:22)  	[MsgId: MMSG-26983]
Virtual User Script started at: 13-12-2021 16:25:46	[MsgId: MMSG-15967]
Virtual User Script started at: 13-12-2021 16:25:46	[MsgId: MMSG-15967]
Run mode: HTML  	[MsgId: MMSG-26993]
Replay user agent: Mozilla/5.0 (Windows NT 10.0; WOW64; Trident/7.0; rv:11.0) like Gecko  	[MsgId: MMSG-26988]
Starting action vuser_init.	[MsgId: MMSG-15919]
Virtual user assigned IP is 192.168.195.1	[MsgId: MMSG-56958]
Virtual user assigned IP6 is [fe80::78a6:d59f:3aca:e30%12]	[MsgId: MMSG-56957]
Starting action vuser_init.	[MsgId: MMSG-15919]
Virtual user assigned IP is 192.168.85.1	[MsgId: MMSG-56958]
Virtual user uses maximum network bandwidth	[MsgId: MMSG-56956]
Virtual user assigned IP6 is [fe80::552b:b43f:93c9:6c92%8]	[MsgId: MMSG-56957]
Virtual user uses maximum network bandwidth	[MsgId: MMSG-56956]
Web Turbo Replay of LoadRunner 2021.0.0 for Windows 10; build 430 (Jan 05 2021 19:27:22)  	[MsgId: MMSG-26983]
Runtime Settings file: "C:\Users\srkko\AppData\Local\Temp\lr5tmpdirBNl.574\lrcfgZLM.575\cfgc2f.578"  	[MsgId: MMSG-27141]
Run mode: HTML  	[MsgId: MMSG-26993]
Replay user agent: Mozilla/5.0 (Windows NT 10.0; WOW64; Trident/7.0; rv:11.0) like Gecko  	[MsgId: MMSG-26988]
Web Turbo Replay of LoadRunner 2021.0.0 for Windows 10; build 430 (Jan 05 2021 19:27:22)  	[MsgId: MMSG-26983]
Run mode: HTML  	[MsgId: MMSG-26993]
Replay user agent: Mozilla/5.0 (Windows NT 10.0; WOW64; Trident/7.0; rv:11.0) like Gecko  	[MsgId: MMSG-26988]
Ending action vuser_init.	[MsgId: MMSG-15918]
Running Vuser...	[MsgId: MMSG-15964]
Runtime Settings file: "C:\Users\srkko\AppData\Local\Temp\lr5tmpdirBNl.574\lrcfgZLM.575\cfgc2f.578"  	[MsgId: MMSG-27141]
Runtime Settings file: "C:\Users\srkko\AppData\Local\Temp\lr5tmpdirBNl.574\lrcfgZLM.575\cfgc2f.578"  	[MsgId: MMSG-27141]
Ending action vuser_init.	[MsgId: MMSG-15918]
Running Vuser...	[MsgId: MMSG-15964]
Ending action vuser_init.	[MsgId: MMSG-15918]
Running Vuser...	[MsgId: MMSG-15964]
Action was aborted.	[MsgId: MMSG-10694]
Ending Vuser...	[MsgId: MMSG-15966]
Action was aborted.	[MsgId: MMSG-10694]
Starting action vuser_end.	[MsgId: MMSG-15919]
Ending Vuser...	[MsgId: MMSG-15966]
Starting action vuser_end.	[MsgId: MMSG-15919]
Ending action vuser_end.	[MsgId: MMSG-15918]
Vuser Terminated.	[MsgId: MMSG-15963]
Ending action vuser_end.	[MsgId: MMSG-15918]
Vuser Terminated.	[MsgId: MMSG-15963]
Action was aborted.	[MsgId: MMSG-10694]
Ending Vuser...	[MsgId: MMSG-15966]
Action was aborted.	[MsgId: MMSG-10694]
Ending Vuser...	[MsgId: MMSG-15966]
Starting action vuser_end.	[MsgId: MMSG-15919]
Action was aborted.	[MsgId: MMSG-10694]
Ending Vuser...	[MsgId: MMSG-15966]
Starting action vuser_end.	[MsgId: MMSG-15919]
Ending action vuser_end.	[MsgId: MMSG-15918]
Vuser Terminated.	[MsgId: MMSG-15963]
Action was aborted.	[MsgId: MMSG-10694]
Ending Vuser...	[MsgId: MMSG-15966]
Starting action vuser_end.	[MsgId: MMSG-15919]
Ending action vuser_end.	[MsgId: MMSG-15918]
Vuser Terminated.	[MsgId: MMSG-15963]
Action was aborted.	[MsgId: MMSG-10694]
Ending Vuser...	[MsgId: MMSG-15966]
Starting action vuser_end.	[MsgId: MMSG-15919]
Ending action vuser_end.	[MsgId: MMSG-15918]
Vuser Terminated.	[MsgId: MMSG-15963]
Action was aborted.	[MsgId: MMSG-10694]
Ending Vuser...	[MsgId: MMSG-15966]
Starting action vuser_end.	[MsgId: MMSG-15919]
Ending action vuser_end.	[MsgId: MMSG-15918]
Vuser Terminated.	[MsgId: MMSG-15963]
Action was aborted.	[MsgId: MMSG-10694]
Ending Vuser...	[MsgId: MMSG-15966]
Starting action vuser_end.	[MsgId: MMSG-15919]
Ending action vuser_end.	[MsgId: MMSG-15918]
Vuser Terminated.	[MsgId: MMSG-15963]
Action was aborted.	[MsgId: MMSG-10694]
Ending Vuser...	[MsgId: MMSG-15966]
Action was aborted.	[MsgId: MMSG-10694]
Starting action vuser_end.	[MsgId: MMSG-15919]
Ending Vuser...	[MsgId: MMSG-15966]
Starting action vuser_end.	[MsgId: MMSG-15919]
Ending action vuser_end.	[MsgId: MMSG-15918]
Vuser Terminated.	[MsgId: MMSG-15963]
Ending action vuser_end.	[MsgId: MMSG-15918]
Vuser Terminated.	[MsgId: MMSG-15963]
Action was aborted.	[MsgId: MMSG-10694]
Ending Vuser...	[MsgId: MMSG-15966]
Starting action vuser_end.	[MsgId: MMSG-15919]
Ending action vuser_end.	[MsgId: MMSG-15918]
Vuser Terminated.	[MsgId: MMSG-15963]
Action was aborted.	[MsgId: MMSG-10694]
Ending Vuser...	[MsgId: MMSG-15966]
Starting action vuser_end.	[MsgId: MMSG-15919]
Ending action vuser_end.	[MsgId: MMSG-15918]
Vuser Terminated.	[MsgId: MMSG-15963]
Starting action vuser_end.	[MsgId: MMSG-15919]
Ending action vuser_end.	[MsgId: MMSG-15918]
Vuser Terminated.	[MsgId: MMSG-15963]
Ending action vuser_end.	[MsgId: MMSG-15918]
Vuser Terminated.	[MsgId: MMSG-15963]
Action was aborted.	[MsgId: MMSG-10694]
Ending Vuser...	[MsgId: MMSG-15966]
Starting action vuser_end.	[MsgId: MMSG-15919]
Ending action vuser_end.	[MsgId: MMSG-15918]
Vuser Terminated.	[MsgId: MMSG-15963]
Action was aborted.	[MsgId: MMSG-10694]
Ending Vuser...	[MsgId: MMSG-15966]
Starting action vuser_end.	[MsgId: MMSG-15919]
Ending action vuser_end.	[MsgId: MMSG-15918]
Vuser Terminated.	[MsgId: MMSG-15963]
Action was aborted.	[MsgId: MMSG-10694]
Ending Vuser...	[MsgId: MMSG-15966]
Starting action vuser_end.	[MsgId: MMSG-15919]
Ending action vuser_end.	[MsgId: MMSG-15918]
Vuser Terminated.	[MsgId: MMSG-15963]
Action was aborted.	[MsgId: MMSG-10694]
Ending Vuser...	[MsgId: MMSG-15966]
Starting action vuser_end.	[MsgId: MMSG-15919]
Ending action vuser_end.	[MsgId: MMSG-15918]
Vuser Terminated.	[MsgId: MMSG-15963]
Action was aborted.	[MsgId: MMSG-10694]
Ending Vuser...	[MsgId: MMSG-15966]
Starting action vuser_end.	[MsgId: MMSG-15919]
Vuser 19 (thread 1376), ended OK."	[MsgId: MMSG-10695]
Ending action vuser_end.	[MsgId: MMSG-15918]
Vuser Terminated.	[MsgId: MMSG-15963]
Action was aborted.	[MsgId: MMSG-10694]
Ending Vuser...	[MsgId: MMSG-15966]
Starting action vuser_end.	[MsgId: MMSG-15919]
Ending action vuser_end.	[MsgId: MMSG-15918]
Vuser Terminated.	[MsgId: MMSG-15963]
Action was aborted.	[MsgId: MMSG-10694]
Ending Vuser...	[MsgId: MMSG-15966]
Starting action vuser_end.	[MsgId: MMSG-15919]
Ending action vuser_end.	[MsgId: MMSG-15918]
Vuser Terminated.	[MsgId: MMSG-15963]
Vuser 3 (thread 3140), ended OK."	[MsgId: MMSG-10695]
Vuser 2 (thread 10900), ended OK."	[MsgId: MMSG-10695]
Vuser 13 (thread 7984), ended OK."	[MsgId: MMSG-10695]
Vuser 4 (thread 2232), ended OK."	[MsgId: MMSG-10695]
Vuser 15 (thread 6516), ended OK."	[MsgId: MMSG-10695]
Vuser 1 (thread 10724), ended OK."	[MsgId: MMSG-10695]
Vuser 10 (thread 10620), ended OK."	[MsgId: MMSG-10695]
Vuser 17 (thread 636), ended OK."	[MsgId: MMSG-10695]
Vuser 16 (thread 11180), ended OK."	[MsgId: MMSG-10695]
Vuser 18 (thread 10868), ended OK."	[MsgId: MMSG-10695]
Vuser 14 (thread 9548), ended OK."	[MsgId: MMSG-10695]
Vuser 12 (thread 10976), ended OK."	[MsgId: MMSG-10695]
Vuser 9 (thread 7556), ended OK."	[MsgId: MMSG-10695]
Vuser 5 (thread 3776), ended OK."	[MsgId: MMSG-10695]
Vuser 7 (thread 11108), ended OK."	[MsgId: MMSG-10695]
Vuser 6 (thread 5920), ended OK."	[MsgId: MMSG-10695]
Vuser 0 (thread 2968), ended OK."	[MsgId: MMSG-10695]
Vuser 11 (thread 10696), ended OK."	[MsgId: MMSG-10695]
Vuser 8 (thread 10376), ended OK."	[MsgId: MMSG-10695]
